<?xml version="1.0" encoding="UTF-8"?>
<!-- Generated by org.testng.reporters.JUnitReportReporter -->
<testsuite hostname="DESKTOP-TNBFE61" name="nbuyadspkg.nbuyads_tc1" tests="1" failures="0" timestamp="11 Apr 2018 06:18:37 GMT" time="33.144" errors="0">
  <testcase name="Testcase1" time="33.144" classname="nbuyadspkg.nbuyads_tc1"/>
</testsuite> <!-- nbuyadspkg.nbuyads_tc1 -->
